<?xml version="1.0" encoding="UTF-8"?>
<testsuite xmlns:xsi="http://www.w3.org/2001/XMLSchema-instance" xsi:schemaLocation="https://maven.apache.org/surefire/maven-surefire-plugin/xsd/surefire-test-report.xsd" name="Scenario: This is demo test" time="11.155" tests="3" errors="0" skipped="0" failures="0">
  <properties>
[...]
</properties>
  <testcase name="Scenario: This is demo test" classname="Scenario: This is demo test" time="0"/>
  <testcase name="Given I launch the &quot;https://Google.com&quot; page" classname="Scenario: This is demo test" time="0"/>
  <testcase name="Then I verify the page" classname="Scenario: This is demo test" time="0"/>
</testsuite>